2015年 12月 07日 星期一 22:28:14 CST
the tmp file shaokc1 has now been deleted!
2015年 12月 07日 星期一 22:28:36 CST
the tmp file shaokc1 has now been deleted!
2015年 12月 07日 星期一 22:29:13 CST
the tmp file shaokc1 has now been deleted!
2015年 12月 07日 星期一 22:31:19 CST
the tmp file shaokc1 has now been deleted!
2015年 12月 07日 星期一 22:32:25 CST
the tmp file shaokc1 has now been deleted!
2015年 12月 07日 星期一 22:32:53 CST
the tmp file shaokc1 has now been deleted!
2015年 12月 07日 星期一 22:32:59 CST
the tmp file shaokc1 has now been deleted!
2015年 12月 07日 星期一 22:33:13 CST
the tmp file shaokc1 has now been deleted!
2015年 12月 07日 星期一 22:34:29 CST
the tmp file shaokc1 has now been deleted!
2015年 12月 07日 星期一 22:34:36 CST
the tmp file shaokc1 has now been deleted!
2015年 12月 07日 星期一 22:34:42 CST
the tmp file shaokc1 has now been deleted!
2015年 12月 07日 星期一 22:35:55 CST
the tmp file shaokc1 has now been deleted!
2015年 12月 07日 星期一 22:36:26 CST
the tmp file shaokc1 has now been deleted!
############################
----------------------------
2015年 12月 07日 星期一 22:38:22 CST
the tmp file shaokc1 has now been deleted!
----------------------------
----------------------------
2015年 12月 07日 星期一 22:38:31 CST
the tmp file shaokc1 has now been deleted!
----------------------------
----------------------------
2015年 12月 07日 星期一 22:42:07 CST
the tmp file File-to-be-deleted has now been deleted!
----------------------------
----------------------------
2015年 12月 07日 星期一 22:44:05 CST
the tmp file:
File-to-be-deleted
has now been deleted!
----------------------------
